2026-02-05 17:10:05,136 - celery.worker.consumer.connection - INFO - Connected to redis://127.0.0.1:6379/1
2026-02-05 17:10:05,142 - celery.worker.consumer.mingle - INFO - mingle: searching for neighbors
2026-02-05 17:10:06,184 - celery.worker.consumer.mingle - INFO - mingle: all alone
2026-02-05 17:10:06,190 - celery.apps.worker - INFO - celery@LAPTOP-PH05JG2H ready.
2026-02-05 17:10:06,193 - celery.worker.pidbox - INFO - pidbox: Connected to redis://127.0.0.1:6379/1.
2026-02-05 17:10:55,386 - celery.worker.strategy - INFO - Task OA_back.celery.debug_task[5f26720a-a219-4dbc-92aa-6c9b8e90a9e7] received
2026-02-05 17:10:55,386 - celery.redirected - WARNING - Request: <Context: {'lang': 'py', 'task': 'OA_back.celery.debug_task', 'id': '5f26720a-a219-4dbc-92aa-6c9b8e90a9e7', 'shadow': None, 'eta': None, 'expires': None, 'group': None, 'group_index': None, 'retries': 0, 'timelimit': [None, None], 'root_id': '5f26720a-a219-4dbc-92aa-6c9b8e90a9e7', 'parent_id': None, 'argsrepr': '()', 'kwargsrepr': '{}', 'origin': 'gen11012@LAPTOP-PH05JG2H', 'ignore_result': True, 'replaced_task_nesting': 0, 'stamped_headers': None, 'stamps': {}, 'properties': {'correlation_id': '5f26720a-a219-4dbc-92aa-6c9b8e90a9e7', 'reply_to': 'b951575d-b8d1-32cf-aafb-ff48949daa69', 'delivery_mode': 2, 'delivery_info': {'exchange': '', 'routing_key': 'celery'}, 'priority': 0, 'body_encoding': 'base64', 'delivery_tag': '901a34e9-abb3-4195-9fae-ddb0d3d6303e'}, 'reply_to': 'b951575d-b8d1-32cf-aafb-ff48949daa69', 'correlation_id': '5f26720a-a219-4dbc-92aa-6c9b8e90a9e7', 'hostname': 'celery@LAPTOP-PH05JG2H', 'delivery_info': {'exchange': '', 'routing_key': 'celery', 'priority': 0, 'redelivered': False}, 'args': [], 'kwargs': {}, 'is_eager': False, 'callbacks': None, 'errbacks': None, 'chain': None, 'chord': None, 'called_directly': False, 'headers': None, '_protected': 1}>
2026-02-05 17:10:55,396 - celery.app.trace - INFO - Task OA_back.celery.debug_task[5f26720a-a219-4dbc-92aa-6c9b8e90a9e7] succeeded in 0.014999999999417923s: None
2026-02-05 17:22:17,379 - celery.worker.consumer.connection - INFO - Connected to redis://127.0.0.1:6379/1
2026-02-05 17:22:17,382 - celery.worker.consumer.mingle - INFO - mingle: searching for neighbors
2026-02-05 17:22:18,410 - celery.worker.consumer.mingle - INFO - mingle: all alone
2026-02-05 17:22:18,415 - celery.worker.pidbox - INFO - pidbox: Connected to redis://127.0.0.1:6379/1.
2026-02-05 17:22:18,442 - celery.apps.worker - INFO - celery@LAPTOP-PH05JG2H ready.
2026-02-05 17:25:57,452 - celery.worker.strategy - INFO - Task send_mail_task[728fa86c-8123-4fd1-a4f8-90f606412ad7] received
2026-02-05 17:25:57,465 - celery.app.trace - ERROR - Task send_mail_task[728fa86c-8123-4fd1-a4f8-90f606412ad7] raised unexpected: TypeError("send_mail_task() missing 1 required positional argument: 'message'")
Traceback (most recent call last):
  File "D:\python\Lib\site-packages\celery\app\trace.py", line 479, in trace_task
    R = retval = fun(*args, **kwargs)
                 ^^^^^^^^^^^^^^^^^^^^
  File "D:\python\Lib\site-packages\celery\app\trace.py", line 779, in __protected_call__
    return self.run(*args, **kwargs)
           ^^^^^^^^^^^^^^^^^^^^^^^^^
TypeError: send_mail_task() missing 1 required positional argument: 'message'
2026-02-05 17:26:28,646 - celery.worker.consumer.connection - INFO - Connected to redis://127.0.0.1:6379/1
2026-02-05 17:26:28,651 - celery.worker.consumer.mingle - INFO - mingle: searching for neighbors
2026-02-05 17:26:29,660 - celery.worker.consumer.mingle - INFO - mingle: all alone
2026-02-05 17:26:29,669 - celery.worker.pidbox - INFO - pidbox: Connected to redis://127.0.0.1:6379/1.
2026-02-05 17:26:29,671 - celery.apps.worker - INFO - celery@LAPTOP-PH05JG2H ready.
2026-02-05 17:26:36,679 - celery.worker.strategy - INFO - Task send_mail_task[dc19b5ed-9e8e-480e-9063-833dbf15d7ec] received
2026-02-05 17:26:47,660 - celery.app.trace - INFO - Task send_mail_task[dc19b5ed-9e8e-480e-9063-833dbf15d7ec] succeeded in 10.984000000000378s: None
2026-02-05 17:40:36,471 - celery.worker.strategy - INFO - Task send_mail_task[020355bb-c187-42d8-abb6-1f5950a1f0e1] received
2026-02-05 17:40:38,960 - celery.app.trace - INFO - Task send_mail_task[020355bb-c187-42d8-abb6-1f5950a1f0e1] succeeded in 2.485000000000582s: None
2026-02-05 19:33:41,492 - celery.worker.strategy - INFO - Task send_mail_task[c2522627-5fe5-4fa2-86b6-a5bec306bf59] received
2026-02-05 19:33:43,167 - celery.app.trace - INFO - Task send_mail_task[c2522627-5fe5-4fa2-86b6-a5bec306bf59] succeeded in 1.6719999999986612s: None
2026-02-06 10:32:20,923 - celery.worker.consumer.connection - INFO - Connected to redis://127.0.0.1:6379/1
2026-02-06 10:32:20,948 - celery.worker.consumer.mingle - INFO - mingle: searching for neighbors
2026-02-06 10:32:21,968 - celery.worker.consumer.mingle - INFO - mingle: all alone
2026-02-06 10:32:21,999 - celery.apps.worker - INFO - celery@LAPTOP-PH05JG2H ready.
2026-02-06 10:32:22,000 - celery.worker.pidbox - INFO - pidbox: Connected to redis://127.0.0.1:6379/1.
2026-02-06 11:20:49,759 - celery.worker.consumer.connection - INFO - Connected to redis://127.0.0.1:6379/1
2026-02-06 11:20:49,762 - celery.worker.consumer.mingle - INFO - mingle: searching for neighbors
2026-02-06 11:20:50,785 - celery.worker.consumer.mingle - INFO - mingle: all alone
2026-02-06 11:20:50,792 - celery.apps.worker - INFO - celery@LAPTOP-PH05JG2H ready.
2026-02-06 11:20:50,794 - celery.worker.pidbox - INFO - pidbox: Connected to redis://127.0.0.1:6379/1.
2026-02-06 13:04:22,438 - celery.worker.strategy - INFO - Task send_mail_task[a6c44951-b753-4a1d-ba4d-a1ef3cb00ff7] received
2026-02-06 13:04:33,490 - celery.app.trace - ERROR - Task send_mail_task[a6c44951-b753-4a1d-ba4d-a1ef3cb00ff7] raised unexpected: SMTPDataError(550, b'The recipient may contain a non-existent account, please check the recipient address.')
Traceback (most recent call last):
  File "D:\python\Lib\site-packages\celery\app\trace.py", line 479, in trace_task
    R = retval = fun(*args, **kwargs)
                 ^^^^^^^^^^^^^^^^^^^^
  File "D:\python\Lib\site-packages\celery\app\trace.py", line 779, in __protected_call__
    return self.run(*args, **kwargs)
           ^^^^^^^^^^^^^^^^^^^^^^^^^
  File "D:\pycharm land\OA_system\app\staff\tasks.py", line 10, in send_mail_task
    send_mail(subject, recipient_list=[email] ,message=message,from_email=settings.DEFAULT_FROM_EMAIL)
  File "D:\python\Lib\site-packages\django\core\mail\__init__.py", line 88, in send_mail
    return mail.send()
           ^^^^^^^^^^^
  File "D:\python\Lib\site-packages\django\core\mail\message.py", line 300, in send
    return self.get_connection(fail_silently).send_messages([self])
           ^^^^^^^^^^^^^^^^^^^^^^^^^^^^^^^^^^^^^^^^^^^^^^^^^^^^^^^^
  File "D:\python\Lib\site-packages\django\core\mail\backends\smtp.py", line 136, in send_messages
    sent = self._send(message)
           ^^^^^^^^^^^^^^^^^^^
  File "D:\python\Lib\site-packages\django\core\mail\backends\smtp.py", line 155, in _send
    self.connection.sendmail(
  File "D:\python\Lib\smtplib.py", line 897, in sendmail
    raise SMTPDataError(code, resp)
smtplib.SMTPDataError: (550, b'The recipient may contain a non-existent account, please check the recipient address.')
2026-02-06 13:46:41,297 - celery.worker.consumer.connection - INFO - Connected to redis://127.0.0.1:6379/1
2026-02-06 13:46:41,319 - celery.worker.consumer.mingle - INFO - mingle: searching for neighbors
2026-02-06 13:46:42,337 - celery.worker.consumer.mingle - INFO - mingle: all alone
2026-02-06 13:46:42,346 - celery.apps.worker - INFO - celery@LAPTOP-PH05JG2H ready.
2026-02-06 13:46:42,349 - celery.worker.pidbox - INFO - pidbox: Connected to redis://127.0.0.1:6379/1.
2026-02-06 14:00:16,188 - celery.worker.strategy - INFO - Task OA_back.celery.debug_task[b8c11328-09db-4ea6-ab45-d351b26fea30] received
2026-02-06 14:00:16,190 - celery.redirected - WARNING - Request: <Context: {'lang': 'py', 'task': 'OA_back.celery.debug_task', 'id': 'b8c11328-09db-4ea6-ab45-d351b26fea30', 'shadow': None, 'eta': None, 'expires': None, 'group': None, 'group_index': None, 'retries': 0, 'timelimit': [None, None], 'root_id': 'b8c11328-09db-4ea6-ab45-d351b26fea30', 'parent_id': None, 'argsrepr': '()', 'kwargsrepr': '{}', 'origin': 'gen24456@LAPTOP-PH05JG2H', 'ignore_result': True, 'replaced_task_nesting': 0, 'stamped_headers': None, 'stamps': {}, 'properties': {'correlation_id': 'b8c11328-09db-4ea6-ab45-d351b26fea30', 'reply_to': '43d6e3d7-6d11-3147-b6a1-dec8436fa2e0', 'delivery_mode': 2, 'delivery_info': {'exchange': '', 'routing_key': 'celery'}, 'priority': 0, 'body_encoding': 'base64', 'delivery_tag': '8a95d86a-9273-4ac2-bc8b-742f2398488f'}, 'reply_to': '43d6e3d7-6d11-3147-b6a1-dec8436fa2e0', 'correlation_id': 'b8c11328-09db-4ea6-ab45-d351b26fea30', 'hostname': 'celery@LAPTOP-PH05JG2H', 'delivery_info': {'exchange': '', 'routing_key': 'celery', 'priority': 0, 'redelivered': False}, 'args': [], 'kwargs': {}, 'is_eager': False, 'callbacks': None, 'errbacks': None, 'chain': None, 'chord': None, 'called_directly': False, 'headers': None, '_protected': 1}>
2026-02-06 14:00:16,204 - celery.app.trace - INFO - Task OA_back.celery.debug_task[b8c11328-09db-4ea6-ab45-d351b26fea30] succeeded in 0.014999999999417923s: None
2026-02-06 14:29:15,410 - celery.worker.consumer.connection - INFO - Connected to redis://127.0.0.1:6379/1
2026-02-06 14:29:15,413 - celery.worker.consumer.mingle - INFO - mingle: searching for neighbors
2026-02-06 14:29:16,438 - celery.worker.consumer.mingle - INFO - mingle: all alone
2026-02-06 14:29:16,443 - celery.worker.pidbox - INFO - pidbox: Connected to redis://127.0.0.1:6379/1.
2026-02-06 14:29:16,462 - celery.apps.worker - INFO - celery@LAPTOP-PH05JG2H ready.
2026-02-06 14:29:25,422 - celery.worker.strategy - INFO - Task send_mail_task[fddc6b08-c67a-4754-877b-b596c1e19bb8] received
2026-02-06 14:29:36,395 - celery.app.trace - INFO - Task send_mail_task[fddc6b08-c67a-4754-877b-b596c1e19bb8] succeeded in 10.968000000000757s: None
2026-02-06 14:46:22,743 - celery.worker.strategy - INFO - Task send_mail_task[2621a221-8477-4058-ba14-f8475e70695d] received
2026-02-06 14:46:24,280 - celery.app.trace - INFO - Task send_mail_task[2621a221-8477-4058-ba14-f8475e70695d] succeeded in 1.5310000000026776s: None
2026-02-06 14:50:11,693 - celery.worker.strategy - INFO - Task send_mail_task[abdbcf2c-e78d-4e26-b830-74af89f7a574] received
2026-02-06 14:50:13,013 - celery.app.trace - INFO - Task send_mail_task[abdbcf2c-e78d-4e26-b830-74af89f7a574] succeeded in 1.3280000000013388s: None
2026-02-06 14:54:37,254 - celery.worker.strategy - INFO - Task send_mail_task[24b37c25-81e7-44ee-bd2e-5a9880d207ce] received
2026-02-06 14:54:38,632 - celery.app.trace - INFO - Task send_mail_task[24b37c25-81e7-44ee-bd2e-5a9880d207ce] succeeded in 1.375s: None
2026-02-06 14:57:43,686 - celery.worker.strategy - INFO - Task send_mail_task[8b1e6fd5-b915-4083-98ad-9906b1f6d650] received
2026-02-06 14:57:45,187 - celery.app.trace - ERROR - Task send_mail_task[8b1e6fd5-b915-4083-98ad-9906b1f6d650] raised unexpected: SMTPDataError(550, b'The recipient may contain a non-existent account, please check the recipient address.')
Traceback (most recent call last):
  File "D:\python\Lib\site-packages\celery\app\trace.py", line 479, in trace_task
    R = retval = fun(*args, **kwargs)
                 ^^^^^^^^^^^^^^^^^^^^
  File "D:\python\Lib\site-packages\celery\app\trace.py", line 779, in __protected_call__
    return self.run(*args, **kwargs)
           ^^^^^^^^^^^^^^^^^^^^^^^^^
  File "D:\pycharm land\OA_system\app\staff\tasks.py", line 10, in send_mail_task
    send_mail(subject, recipient_list=[email] ,message=message,from_email=settings.DEFAULT_FROM_EMAIL)
  File "D:\python\Lib\site-packages\django\core\mail\__init__.py", line 88, in send_mail
    return mail.send()
           ^^^^^^^^^^^
  File "D:\python\Lib\site-packages\django\core\mail\message.py", line 300, in send
    return self.get_connection(fail_silently).send_messages([self])
           ^^^^^^^^^^^^^^^^^^^^^^^^^^^^^^^^^^^^^^^^^^^^^^^^^^^^^^^^
  File "D:\python\Lib\site-packages\django\core\mail\backends\smtp.py", line 136, in send_messages
    sent = self._send(message)
           ^^^^^^^^^^^^^^^^^^^
  File "D:\python\Lib\site-packages\django\core\mail\backends\smtp.py", line 155, in _send
    self.connection.sendmail(
  File "D:\python\Lib\smtplib.py", line 897, in sendmail
    raise SMTPDataError(code, resp)
smtplib.SMTPDataError: (550, b'The recipient may contain a non-existent account, please check the recipient address.')
2026-02-06 15:03:14,779 - celery.worker.strategy - INFO - Task send_mail_task[5cb5605b-d6ed-4fd0-a2f9-2f3f58405867] received
2026-02-06 15:03:16,232 - celery.app.trace - INFO - Task send_mail_task[5cb5605b-d6ed-4fd0-a2f9-2f3f58405867] succeeded in 1.4530000000013388s: None
2026-02-06 15:04:13,310 - celery.worker.strategy - INFO - Task send_mail_task[5848d25f-bb1b-4ee8-81b6-233edcbfd4dd] received
2026-02-06 15:04:14,793 - celery.app.trace - INFO - Task send_mail_task[5848d25f-bb1b-4ee8-81b6-233edcbfd4dd] succeeded in 1.485000000000582s: None
2026-02-06 15:32:42,028 - celery.worker.strategy - INFO - Task send_mail_task[785cf0fe-c6e7-4137-a53e-9825ee9b39f1] received
2026-02-06 15:32:43,641 - celery.app.trace - INFO - Task send_mail_task[785cf0fe-c6e7-4137-a53e-9825ee9b39f1] succeeded in 1.6090000000003783s: None
2026-02-06 18:50:46,281 - celery.worker.strategy - INFO - Task send_mail_task[99f448f8-6109-4716-950a-e2df89327bc8] received
2026-02-06 18:50:48,970 - celery.app.trace - INFO - Task send_mail_task[99f448f8-6109-4716-950a-e2df89327bc8] succeeded in 2.686999999998079s: None
2026-02-08 09:40:07,804 - celery.worker.consumer.connection - INFO - Connected to redis://127.0.0.1:6379/1
2026-02-08 09:40:07,818 - celery.worker.consumer.mingle - INFO - mingle: searching for neighbors
2026-02-08 09:40:08,836 - celery.worker.consumer.mingle - INFO - mingle: all alone
2026-02-08 09:40:08,869 - celery.apps.worker - INFO - celery@LAPTOP-PH05JG2H ready.
2026-02-08 09:40:08,870 - celery.worker.pidbox - INFO - pidbox: Connected to redis://127.0.0.1:6379/1.
2026-02-08 09:47:52,651 - celery.worker.consumer.connection - INFO - Connected to redis://127.0.0.1:6379/1
2026-02-08 09:47:52,654 - celery.worker.consumer.mingle - INFO - mingle: searching for neighbors
2026-02-08 09:47:53,676 - celery.worker.consumer.mingle - INFO - mingle: all alone
2026-02-08 09:47:53,685 - celery.apps.worker - INFO - celery@LAPTOP-PH05JG2H ready.
2026-02-08 09:47:53,690 - celery.worker.pidbox - INFO - pidbox: Connected to redis://127.0.0.1:6379/1.
2026-02-08 10:47:35,689 - celery.worker.strategy - INFO - Task send_mail_task[9b85b84a-2991-4bd2-bfe4-6dab755c530b] received
2026-02-08 10:47:46,823 - celery.app.trace - INFO - Task send_mail_task[9b85b84a-2991-4bd2-bfe4-6dab755c530b] succeeded in 11.110000000000127s: None
2026-02-08 11:00:27,176 - celery.worker.strategy - INFO - Task send_mail_task[df029d57-16b7-4b24-9c1c-acaa9b595241] received
2026-02-08 11:00:28,714 - celery.app.trace - INFO - Task send_mail_task[df029d57-16b7-4b24-9c1c-acaa9b595241] succeeded in 1.530999999999949s: None
2026-02-08 11:04:32,963 - celery.worker.strategy - INFO - Task send_mail_task[ae4583ef-58e0-490e-a3f6-2c92a8446ee0] received
2026-02-08 11:04:34,495 - celery.app.trace - INFO - Task send_mail_task[ae4583ef-58e0-490e-a3f6-2c92a8446ee0] succeeded in 1.530999999999949s: None
2026-02-08 11:14:59,048 - celery.worker.strategy - INFO - Task send_mail_task[2e5bfa4e-333f-4d69-aefb-46d444988720] received
2026-02-08 11:15:00,422 - celery.app.trace - INFO - Task send_mail_task[2e5bfa4e-333f-4d69-aefb-46d444988720] succeeded in 1.3589999999994689s: None
2026-02-08 11:31:09,079 - celery.worker.consumer.connection - INFO - Connected to redis://127.0.0.1:6379/1
2026-02-08 11:31:09,082 - celery.worker.consumer.mingle - INFO - mingle: searching for neighbors
2026-02-08 11:31:10,106 - celery.worker.consumer.mingle - INFO - mingle: all alone
2026-02-08 11:31:10,113 - celery.worker.pidbox - INFO - pidbox: Connected to redis://127.0.0.1:6379/1.
2026-02-08 11:31:10,120 - celery.apps.worker - INFO - celery@LAPTOP-PH05JG2H ready.
2026-02-08 11:32:52,453 - celery.worker.strategy - INFO - Task send_mail_task[66779055-d102-4c3c-bfbf-7493e7e2f136] received
2026-02-08 11:33:03,376 - celery.app.trace - INFO - Task send_mail_task[66779055-d102-4c3c-bfbf-7493e7e2f136] succeeded in 10.92199999999957s: None
2026-02-08 11:33:21,606 - celery.worker.consumer.connection - INFO - Connected to redis://127.0.0.1:6379/1
2026-02-08 11:33:21,610 - celery.worker.consumer.mingle - INFO - mingle: searching for neighbors
2026-02-08 11:33:22,635 - celery.worker.consumer.mingle - INFO - mingle: all alone
2026-02-08 11:33:22,643 - celery.worker.pidbox - INFO - pidbox: Connected to redis://127.0.0.1:6379/1.
2026-02-08 11:33:22,652 - celery.apps.worker - INFO - celery@LAPTOP-PH05JG2H ready.
2026-02-08 13:41:39,285 - celery.worker.consumer.connection - INFO - Connected to redis://127.0.0.1:6379/1
2026-02-08 13:41:39,307 - celery.worker.consumer.mingle - INFO - mingle: searching for neighbors
2026-02-08 13:41:40,336 - celery.worker.consumer.mingle - INFO - mingle: all alone
2026-02-08 13:41:40,370 - celery.apps.worker - INFO - celery@LAPTOP-PH05JG2H ready.
2026-02-08 13:41:40,371 - celery.worker.pidbox - INFO - pidbox: Connected to redis://127.0.0.1:6379/1.
2026-02-08 18:10:29,007 - celery.worker.consumer.connection - INFO - Connected to redis://127.0.0.1:6379/1
2026-02-08 18:10:29,011 - celery.worker.consumer.mingle - INFO - mingle: searching for neighbors
2026-02-08 18:10:30,038 - celery.worker.consumer.mingle - INFO - mingle: all alone
2026-02-08 18:10:30,045 - celery.worker.pidbox - INFO - pidbox: Connected to redis://127.0.0.1:6379/1.
2026-02-08 18:10:30,053 - celery.apps.worker - INFO - celery@LAPTOP-PH05JG2H ready.
